<?xml version="1.0" encoding="UTF-8"?>
<!-- Generated by org.testng.reporters.JUnitXMLReporter -->
<testsuite hostname="RAMESHRADH" name="Test" tests="1" failures="1" timestamp="11 Apr 2021 10:35:03 GMT" time="23.28" errors="0">
  <testcase name="test" time="3.864" classname="org.failedss.FaceBookFailed">
    <failure type="java.lang.AssertionError" message="expected [true] but found [false]">
      <![CDATA[java.lang.AssertionError: expected [true] but found [false]
	at org.failedss.FaceBookFailed.test(FaceBookFailed.java:20)
... Removed 29 stack frames]]>
    </failure>
  </testcase> <!-- test -->
</testsuite> <!-- Test -->
